<?xml version="1.0" encoding="UTF-8"?>
<testsuite xmlns:xsi="http://www.w3.org/2001/XMLSchema-instance" xsi:noNamespaceSchemaLocation="https://maven.apache.org/surefire/maven-surefire-plugin/xsd/surefire-test-report.xsd" name="ApiTest.UserControllerApiTest" time="0.457" tests="6" errors="0" skipped="0" failures="3">
  <properties>
[...]
</properties>
  <testcase name="InvalidCreditRangeWhenCreditIsNotInRange{String}[1]" classname="ApiTest.UserControllerApiTest" time="0.074"/>
  <testcase name="ReturnsNotExistentUserWhenUsernameIsNotValid{String}[1]" classname="ApiTest.UserControllerApiTest" time="0.013"/>
  <testcase name="NumberFormatExceptionWhenCreditIsNotValid{String}[1]" classname="ApiTest.UserControllerApiTest" time="0.016"/>
  <testcase name="CreditAddedSuccessfullyWhenCreditIsValid{String}[1]" classname="ApiTest.UserControllerApiTest" time="0.089">
    <failure message="Status expected:&lt;200&gt; but was:&lt;400&gt;" type="java.lang.AssertionError"><![CDATA[java.lang.AssertionError: Status expected:<200> but was:<400>
	at ApiTest.UserControllerApiTest.CreditAddedSuccessfullyWhenCreditIsValid(UserControllerApiTest.java:86)
]]></failure>
    <system-out><![CDATA[2024-01-10T09:33:09.835+03:30  WARN 12416 --- [           main] .w.s.m.s.DefaultHandlerExceptionResolver : Resolved [org.springframework.http.converter.HttpMessageNotReadableException: Required request body is missing: public org.springframework.http.ResponseEntity<java.lang.String> controllers.UserController.addCredit(java.lang.String,java.util.Map<java.lang.String, java.lang.String>)]

MockHttpServletRequest:
      HTTP Method = POST
      Request URI = /users/1234/credit
       Parameters = {}
          Headers = []
             Body = null
    Session Attrs = {}

Handler:
             Type = controllers.UserController
           Method = controllers.UserController#addCredit(String, Map)

Async:
    Async started = false
     Async result = null

Resolved Exception:
             Type = org.springframework.http.converter.HttpMessageNotReadableException

ModelAndView:
        View name = null
             View = null
            Model = null

FlashMap:
       Attributes = null

MockHttpServletResponse:
           Status = 400
    Error message = null
          Headers = []
     Content type = null
             Body = 
    Forwarded URL = null
   Redirected URL = null
          Cookies = []
]]></system-out>
  </testcase>
  <testcase name="ReturnsMockUserWhenUsernameIsValid{String}[1]" classname="ApiTest.UserControllerApiTest" time="0.145">
    <failure message="Status expected:&lt;200&gt; but was:&lt;404&gt;" type="java.lang.AssertionError"><![CDATA[java.lang.AssertionError: Status expected:<200> but was:<404>
	at ApiTest.UserControllerApiTest.ReturnsMockUserWhenUsernameIsValid(UserControllerApiTest.java:72)
]]></failure>
    <system-out><![CDATA[
MockHttpServletRequest:
      HTTP Method = GET
      Request URI = /users/1234
       Parameters = {}
          Headers = []
             Body = null
    Session Attrs = {}

Handler:
             Type = controllers.UserController
           Method = controllers.UserController#getUser(String)

Async:
    Async started = false
     Async result = null

Resolved Exception:
             Type = null

ModelAndView:
        View name = null
             View = null
            Model = null

FlashMap:
       Attributes = null

MockHttpServletResponse:
           Status = 404
    Error message = null
          Headers = []
     Content type = null
             Body = 
    Forwarded URL = null
   Redirected URL = null
          Cookies = []

MockHttpServletRequest:
      HTTP Method = GET
      Request URI = /users/1234
       Parameters = {}
          Headers = []
             Body = null
    Session Attrs = {}

Handler:
             Type = controllers.UserController
           Method = controllers.UserController#getUser(String)

Async:
    Async started = false
     Async result = null

Resolved Exception:
             Type = null

ModelAndView:
        View name = null
             View = null
            Model = null

FlashMap:
       Attributes = null

MockHttpServletResponse:
           Status = 404
    Error message = null
          Headers = []
     Content type = null
             Body = 
    Forwarded URL = null
   Redirected URL = null
          Cookies = []
]]></system-out>
  </testcase>
  <testcase name="NotExistentUserWhenUserIsNotExist{String}[1]" classname="ApiTest.UserControllerApiTest" time="0.104">
    <failure message="Status expected:&lt;404&gt; but was:&lt;400&gt;" type="java.lang.AssertionError"><![CDATA[java.lang.AssertionError: Status expected:<404> but was:<400>
	at ApiTest.UserControllerApiTest.NotExistentUserWhenUserIsNotExist(UserControllerApiTest.java:100)
]]></failure>
    <system-out><![CDATA[2024-01-10T09:33:09.899+03:30  WARN 12416 --- [           main] .w.s.m.s.DefaultHandlerExceptionResolver : Resolved [org.springframework.http.converter.HttpMessageNotReadableException: Required request body is missing: public org.springframework.http.ResponseEntity<java.lang.String> controllers.UserController.addCredit(java.lang.String,java.util.Map<java.lang.String, java.lang.String>)]

MockHttpServletRequest:
      HTTP Method = POST
      Request URI = /users/1234/credit
       Parameters = {}
          Headers = []
             Body = null
    Session Attrs = {}

Handler:
             Type = controllers.UserController
           Method = controllers.UserController#addCredit(String, Map)

Async:
    Async started = false
     Async result = null

Resolved Exception:
             Type = org.springframework.http.converter.HttpMessageNotReadableException

ModelAndView:
        View name = null
             View = null
            Model = null

FlashMap:
       Attributes = null

MockHttpServletResponse:
           Status = 400
    Error message = null
          Headers = []
     Content type = null
             Body = 
    Forwarded URL = null
   Redirected URL = null
          Cookies = []
]]></system-out>
  </testcase>
</testsuite>