<?xml version="1.0" encoding="UTF-8"?>
<testsuite xmlns:xsi="http://www.w3.org/2001/XMLSchema-instance" xsi:noNamespaceSchemaLocation="https://maven.apache.org/surefire/maven-surefire-plugin/xsd/surefire-test-report.xsd" name="ModelCommentTest" time="0.095" tests="38" errors="0" skipped="0" failures="0">
  <properties>
[...]
</properties>
  <testcase name="addUserVotePutsDislikeField" classname="ModelCommentTest" time="0"/>
  <testcase name="userEmailWithoutDomainIsAssignedToComment" classname="ModelCommentTest" time="0"/>
  <testcase name="addUserVoteCounts0DislikesOutOfWholeFive" classname="ModelCommentTest" time="0"/>
  <testcase name="textEmptyIsAssignedToComment" classname="ModelCommentTest" time="0"/>
  <testcase name="id00000000IsAssignedToComment" classname="ModelCommentTest" time="0"/>
  <testcase name="addUserVoteCounts3likesOutOfWholeFive" classname="ModelCommentTest" time="0"/>
  <testcase name="addUserVotePutsElevenMockUsersWithDislike" classname="ModelCommentTest" time="0"/>
  <testcase name="addUserVotePutsElevenMockUsersWithLike" classname="ModelCommentTest" time="0"/>
  <testcase name="addUserVoteCounts3likesOutOfWholeFiveWithOneInvalidVote" classname="ModelCommentTest" time="0"/>
  <testcase name="addUserVotePutsTwoMockUsersWithDislike" classname="ModelCommentTest" time="0"/>
  <testcase name="textSampleTextIsAssignedToComment" classname="ModelCommentTest" time="0"/>
  <testcase name="addUserVotesCountsZeroDislikesOutOfEmptyMap" classname="ModelCommentTest" time="0"/>
  <testcase name="addUserVoteCounts6dislikesOutOfWholeEleven" classname="ModelCommentTest" time="0"/>
  <testcase name="commidityId00000000IsAssignedToComment" classname="ModelCommentTest" time="0.001"/>
  <testcase name="addUserVotePutsFiveMockUsersWithLike" classname="ModelCommentTest" time="0.002"/>
  <testcase name="addUserVotePutsFiveMockUsersWithDislike" classname="ModelCommentTest" time="0.002"/>
  <testcase name="getCurrentYearReturnsCurrentTime" classname="ModelCommentTest" time="0.004"/>
  <testcase name="defaultLikeNumberIsZero" classname="ModelCommentTest" time="0"/>
  <testcase name="addUserVotePutsTwoMockUsersWithLike" classname="ModelCommentTest" time="0.003"/>
  <testcase name="addUserVotePutsMockUsername" classname="ModelCommentTest" time="0.003"/>
  <testcase name="userEmailWithoutGmailIsAssignedToComment" classname="ModelCommentTest" time="0.003"/>
  <testcase name="addUserVoteCounts5DislikesOutOfWholeFive" classname="ModelCommentTest" time="0.004"/>
  <testcase name="commidityId10102IsAssignedToComment" classname="ModelCommentTest" time="0.003"/>
  <testcase name="addUserVote5MockUsernamesWithLikeAnd6WithDislike" classname="ModelCommentTest" time="0.002"/>
  <testcase name="addUserVoteGetsOneSampleWithMockUserNameAndLike" classname="ModelCommentTest" time="0.002"/>
  <testcase name="addUserVoteCounts2DislikesOutOfWholeFive" classname="ModelCommentTest" time="0.001"/>
  <testcase name="addUserVoteCounts0LikesOutOfWholeFive" classname="ModelCommentTest" time="0.001"/>
  <testcase name="addUserVoteCounts5likesOutOfWholeEleven" classname="ModelCommentTest" time="0.001"/>
  <testcase name="id123IsAssignedToComment" classname="ModelCommentTest" time="0.001"/>
  <testcase name="addUserVotesCountsZeroLikesOutOfEmptyMap" classname="ModelCommentTest" time="0.001"/>
  <testcase name="addUserVotePutsLikeField" classname="ModelCommentTest" time="0.001"/>
  <testcase name="defaultDislikeNumberIsZero" classname="ModelCommentTest" time="0.002"/>
  <testcase name="addUserVoteCounts1DislikesOutOfWholeFiveWithOneInvalidVote" classname="ModelCommentTest" time="0"/>
  <testcase name="addUserVoteCounts5likesOutOfWholeFive" classname="ModelCommentTest" time="0"/>
  <testcase name="addUserVoteGetsOneSampleWithMockUserNameAndDislike" classname="ModelCommentTest" time="0.001"/>
  <testcase name="addUserVoteOverwritesSameMockUserWithLikeAndDislike" classname="ModelCommentTest" time="0"/>
  <testcase name="userEmailRoseIsAssignedToComment" classname="ModelCommentTest" time="0"/>
  <testcase name="addUserVotePutsTwoMockUsersWithOneDislikeAndLike" classname="ModelCommentTest" time="0.001"/>
</testsuite>